<?xml version="1.0" encoding="UTF-8"?>
<testng-results skipped="0" failed="0" ignored="0" total="3" passed="3">
  <reporter-output>
  </reporter-output>
  <suite name="Selenium Grid Tests - Dip Learn Academy" duration-ms="23417" started-at="2023-06-22T13:51:46 COT" finished-at="2023-06-22T13:52:09 COT">
    <groups>
    </groups>
    <test name="Chrome Test" duration-ms="21736" started-at="2023-06-22T13:51:46 COT" finished-at="2023-06-22T13:52:08 COT">
      <class name="co.dlacademy.SeleniumGridExample">
        <test-method status="PASS" signature="setup(java.lang.String)[pri:0, instance:co.dlacademy.SeleniumGridExample@3fee9989]" name="setup" is-config="true" duration-ms="7780" started-at="2023-06-22T13:51:46 COT" finished-at="2023-06-22T13:51:54 COT">
          <params>
            <param index="0">
              <value>
                <![CDATA[chrome]]>
              </value>
            </param>
          </params>
          <reporter-output>
          </reporter-output>
        </test-method> <!-- setup -->
        <test-method status="PASS" signature="testExample()[pri:0, instance:co.dlacademy.SeleniumGridExample@3fee9989]" name="testExample" duration-ms="13370" started-at="2023-06-22T13:51:54 COT" finished-at="2023-06-22T13:52:07 COT">
          <reporter-output>
          </reporter-output>
        </test-method> <!-- testExample -->
        <test-method status="PASS" signature="tearDown()[pri:0, instance:co.dlacademy.SeleniumGridExample@3fee9989]" name="tearDown" is-config="true" duration-ms="530" started-at="2023-06-22T13:52:07 COT" finished-at="2023-06-22T13:52:08 COT">
          <reporter-output>
          </reporter-output>
        </test-method> <!-- tearDown -->
      </class> <!-- co.dlacademy.SeleniumGridExample -->
    </test> <!-- Chrome Test -->
    <test name="Firefox Test" duration-ms="23272" started-at="2023-06-22T13:51:46 COT" finished-at="2023-06-22T13:52:09 COT">
      <class name="co.dlacademy.SeleniumGridExample">
        <test-method status="PASS" signature="setup(java.lang.String)[pri:0, instance:co.dlacademy.SeleniumGridExample@210366b4]" name="setup" is-config="true" duration-ms="12676" started-at="2023-06-22T13:51:46 COT" finished-at="2023-06-22T13:51:59 COT">
          <params>
            <param index="0">
              <value>
                <![CDATA[firefox]]>
              </value>
            </param>
          </params>
          <reporter-output>
          </reporter-output>
        </test-method> <!-- setup -->
        <test-method status="PASS" signature="testExample()[pri:0, instance:co.dlacademy.SeleniumGridExample@210366b4]" name="testExample" duration-ms="8359" started-at="2023-06-22T13:51:59 COT" finished-at="2023-06-22T13:52:07 COT">
          <reporter-output>
          </reporter-output>
        </test-method> <!-- testExample -->
        <test-method status="PASS" signature="tearDown()[pri:0, instance:co.dlacademy.SeleniumGridExample@210366b4]" name="tearDown" is-config="true" duration-ms="2186" started-at="2023-06-22T13:52:07 COT" finished-at="2023-06-22T13:52:09 COT">
          <reporter-output>
          </reporter-output>
        </test-method> <!-- tearDown -->
      </class> <!-- co.dlacademy.SeleniumGridExample -->
    </test> <!-- Firefox Test -->
    <test name="Edge Test" duration-ms="23417" started-at="2023-06-22T13:51:46 COT" finished-at="2023-06-22T13:52:09 COT">
      <class name="co.dlacademy.SeleniumGridExample">
        <test-method status="PASS" signature="setup(java.lang.String)[pri:0, instance:co.dlacademy.SeleniumGridExample@57536d79]" name="setup" is-config="true" duration-ms="8888" started-at="2023-06-22T13:51:46 COT" finished-at="2023-06-22T13:51:55 COT">
          <params>
            <param index="0">
              <value>
                <![CDATA[edge]]>
              </value>
            </param>
          </params>
          <reporter-output>
          </reporter-output>
        </test-method> <!-- setup -->
        <test-method status="PASS" signature="testExample()[pri:0, instance:co.dlacademy.SeleniumGridExample@57536d79]" name="testExample" duration-ms="14124" started-at="2023-06-22T13:51:55 COT" finished-at="2023-06-22T13:52:09 COT">
          <reporter-output>
          </reporter-output>
        </test-method> <!-- testExample -->
        <test-method status="PASS" signature="tearDown()[pri:0, instance:co.dlacademy.SeleniumGridExample@57536d79]" name="tearDown" is-config="true" duration-ms="357" started-at="2023-06-22T13:52:09 COT" finished-at="2023-06-22T13:52:09 COT">
          <reporter-output>
          </reporter-output>
        </test-method> <!-- tearDown -->
      </class> <!-- co.dlacademy.SeleniumGridExample -->
    </test> <!-- Edge Test -->
  </suite> <!-- Selenium Grid Tests - Dip Learn Academy -->
</testng-results>
