<?xml version="1.0" encoding="UTF-8"?>
<testng-results skipped="0" failed="0" ignored="0" total="3" passed="3">
  <reporter-output>
  </reporter-output>
  <suite name="Selenium Grid Tests - Dip Learn Academy" duration-ms="159487" started-at="2023-06-22T18:41:13 COT" finished-at="2023-06-22T18:43:52 COT">
    <groups>
    </groups>
    <test name="Chrome Test" duration-ms="147479" started-at="2023-06-22T18:41:13 COT" finished-at="2023-06-22T18:43:40 COT">
      <class name="co.dlacademy.SeleniumGridExample">
        <test-method status="PASS" signature="setup(java.lang.String)[pri:0, instance:co.dlacademy.SeleniumGridExample@3fee9989]" name="setup" is-config="true" duration-ms="83724" started-at="2023-06-22T18:41:13 COT" finished-at="2023-06-22T18:42:37 COT">
          <params>
            <param index="0">
              <value>
                <![CDATA[chrome]]>
              </value>
            </param>
          </params>
          <reporter-output>
          </reporter-output>
        </test-method> <!-- setup -->
        <test-method status="PASS" signature="testExample()[pri:0, instance:co.dlacademy.SeleniumGridExample@3fee9989]" name="testExample" duration-ms="62462" started-at="2023-06-22T18:42:37 COT" finished-at="2023-06-22T18:43:39 COT">
          <reporter-output>
          </reporter-output>
        </test-method> <!-- testExample -->
        <test-method status="PASS" signature="tearDown()[pri:0, instance:co.dlacademy.SeleniumGridExample@3fee9989]" name="tearDown" is-config="true" duration-ms="1154" started-at="2023-06-22T18:43:39 COT" finished-at="2023-06-22T18:43:40 COT">
          <reporter-output>
          </reporter-output>
        </test-method> <!-- tearDown -->
      </class> <!-- co.dlacademy.SeleniumGridExample -->
    </test> <!-- Chrome Test -->
    <test name="Edge Test" duration-ms="148878" started-at="2023-06-22T18:41:13 COT" finished-at="2023-06-22T18:43:42 COT">
      <class name="co.dlacademy.SeleniumGridExample">
        <test-method status="PASS" signature="setup(java.lang.String)[pri:0, instance:co.dlacademy.SeleniumGridExample@57536d79]" name="setup" is-config="true" duration-ms="99174" started-at="2023-06-22T18:41:13 COT" finished-at="2023-06-22T18:42:52 COT">
          <params>
            <param index="0">
              <value>
                <![CDATA[edge]]>
              </value>
            </param>
          </params>
          <reporter-output>
          </reporter-output>
        </test-method> <!-- setup -->
        <test-method status="PASS" signature="testExample()[pri:0, instance:co.dlacademy.SeleniumGridExample@57536d79]" name="testExample" duration-ms="49185" started-at="2023-06-22T18:42:52 COT" finished-at="2023-06-22T18:43:41 COT">
          <reporter-output>
          </reporter-output>
        </test-method> <!-- testExample -->
        <test-method status="PASS" signature="tearDown()[pri:0, instance:co.dlacademy.SeleniumGridExample@57536d79]" name="tearDown" is-config="true" duration-ms="415" started-at="2023-06-22T18:43:41 COT" finished-at="2023-06-22T18:43:42 COT">
          <reporter-output>
          </reporter-output>
        </test-method> <!-- tearDown -->
      </class> <!-- co.dlacademy.SeleniumGridExample -->
    </test> <!-- Edge Test -->
    <test name="Firefox Test" duration-ms="159478" started-at="2023-06-22T18:41:13 COT" finished-at="2023-06-22T18:43:52 COT">
      <class name="co.dlacademy.SeleniumGridExample">
        <test-method status="PASS" signature="setup(java.lang.String)[pri:0, instance:co.dlacademy.SeleniumGridExample@210366b4]" name="setup" is-config="true" duration-ms="136653" started-at="2023-06-22T18:41:13 COT" finished-at="2023-06-22T18:43:29 COT">
          <params>
            <param index="0">
              <value>
                <![CDATA[firefox]]>
              </value>
            </param>
          </params>
          <reporter-output>
          </reporter-output>
        </test-method> <!-- setup -->
        <test-method status="PASS" signature="testExample()[pri:0, instance:co.dlacademy.SeleniumGridExample@210366b4]" name="testExample" duration-ms="22263" started-at="2023-06-22T18:43:29 COT" finished-at="2023-06-22T18:43:52 COT">
          <reporter-output>
          </reporter-output>
        </test-method> <!-- testExample -->
        <test-method status="FAIL" signature="tearDown()[pri:0, instance:co.dlacademy.SeleniumGridExample@210366b4]" name="tearDown" is-config="true" duration-ms="429" started-at="2023-06-22T18:43:52 COT" finished-at="2023-06-22T18:43:52 COT">
          <exception class="org.openqa.selenium.NoSuchSessionException">
            <message>
              <![CDATA[Tried to run command without establishing a connection
Build info: version: '3.141.59', revision: 'e82be7d358', time: '2018-11-14T08:17:03'
System info: host: 'DANIELAPALACIO', ip: '172.20.160.1', os.name: 'Windows 11', os.arch: 'amd64', os.version: '10.0', java.version: '1.8.0_361'
Driver info: org.openqa.selenium.remote.RemoteWebDriver
Capabilities {acceptInsecureCerts: false, browserName: firefox, browserVersion: 114.0, javascriptEnabled: true, moz:accessibilityChecks: false, moz:buildID: 20230601151220, moz:geckodriverVersion: 0.33.0, moz:headless: false, moz:platformVersion: 5.10.16.3-microsoft-standar..., moz:processID: 365, moz:profile: /tmp/rust_mozprofileTsozI4, moz:shutdownTimeout: 60000, moz:useNonSpecCompliantPointerOrigin: false, moz:webdriverClick: true, moz:windowless: false, pageLoadStrategy: normal, platform: LINUX, platformName: LINUX, proxy: Proxy(), se:bidi: ws://172.18.0.3:4444/sessio..., se:cdp: ws://172.18.0.3:4444/sessio..., se:noVncPort: 7900, se:vnc: ws://172.18.0.3:4444/sessio..., se:vncEnabled: true, se:vncLocalAddress: ws://172.18.0.3:7900, setWindowRect: true, strictFileInteractability: false, timeouts: {implicit: 0, pageLoad: 300000, script: 30000}, unhandledPromptBehavior: dismiss and notify}
Session ID: b1ca5ef7-485b-4760-a25d-7baf3e84c383]]>
            </message>
            <full-stacktrace>
              <![CDATA[org.openqa.selenium.NoSuchSessionException: Tried to run command without establishing a connection
Build info: version: '3.141.59', revision: 'e82be7d358', time: '2018-11-14T08:17:03'
System info: host: 'DANIELAPALACIO', ip: '172.20.160.1', os.name: 'Windows 11', os.arch: 'amd64', os.version: '10.0', java.version: '1.8.0_361'
Driver info: org.openqa.selenium.remote.RemoteWebDriver
Capabilities {acceptInsecureCerts: false, browserName: firefox, browserVersion: 114.0, javascriptEnabled: true, moz:accessibilityChecks: false, moz:buildID: 20230601151220, moz:geckodriverVersion: 0.33.0, moz:headless: false, moz:platformVersion: 5.10.16.3-microsoft-standar..., moz:processID: 365, moz:profile: /tmp/rust_mozprofileTsozI4, moz:shutdownTimeout: 60000, moz:useNonSpecCompliantPointerOrigin: false, moz:webdriverClick: true, moz:windowless: false, pageLoadStrategy: normal, platform: LINUX, platformName: LINUX, proxy: Proxy(), se:bidi: ws://172.18.0.3:4444/sessio..., se:cdp: ws://172.18.0.3:4444/sessio..., se:noVncPort: 7900, se:vnc: ws://172.18.0.3:4444/sessio..., se:vncEnabled: true, se:vncLocalAddress: ws://172.18.0.3:7900, setWindowRect: true, strictFileInteractability: false, timeouts: {implicit: 0, pageLoad: 300000, script: 30000}, unhandledPromptBehavior: dismiss and notify}
Session ID: b1ca5ef7-485b-4760-a25d-7baf3e84c383
at sun.reflect.NativeConstructorAccessorImpl.newInstance0(Native Method)
at sun.reflect.NativeConstructorAccessorImpl.newInstance(NativeConstructorAccessorImpl.java:62)
at sun.reflect.DelegatingConstructorAccessorImpl.newInstance(DelegatingConstructorAccessorImpl.java:45)
at java.lang.reflect.Constructor.newInstance(Constructor.java:423)
at org.openqa.selenium.remote.http.W3CHttpResponseCodec.createException(W3CHttpResponseCodec.java:187)
at org.openqa.selenium.remote.http.W3CHttpResponseCodec.decode(W3CHttpResponseCodec.java:122)
at org.openqa.selenium.remote.http.W3CHttpResponseCodec.decode(W3CHttpResponseCodec.java:49)
at org.openqa.selenium.remote.HttpCommandExecutor.execute(HttpCommandExecutor.java:158)
at org.openqa.selenium.remote.RemoteWebDriver.execute(RemoteWebDriver.java:552)
at org.openqa.selenium.remote.RemoteWebDriver.execute(RemoteWebDriver.java:609)
at org.openqa.selenium.remote.RemoteWebDriver.quit(RemoteWebDriver.java:452)
at co.dlacademy.SeleniumGridExample.tearDown(SeleniumGridExample.java:68)
at sun.reflect.NativeMethodAccessorImpl.invoke0(Native Method)
at sun.reflect.NativeMethodAccessorImpl.invoke(NativeMethodAccessorImpl.java:62)
at sun.reflect.DelegatingMethodAccessorImpl.invoke(DelegatingMethodAccessorImpl.java:43)
at java.lang.reflect.Method.invoke(Method.java:498)
at org.testng.internal.MethodInvocationHelper.invokeMethod(MethodInvocationHelper.java:133)
at org.testng.internal.MethodInvocationHelper.invokeMethodConsideringTimeout(MethodInvocationHelper.java:62)
at org.testng.internal.ConfigInvoker.invokeConfigurationMethod(ConfigInvoker.java:385)
at org.testng.internal.ConfigInvoker.invokeConfigurations(ConfigInvoker.java:321)
at org.testng.internal.TestInvoker.runConfigMethods(TestInvoker.java:700)
at org.testng.internal.TestInvoker.runAfterGroupsConfigurations(TestInvoker.java:676)
at org.testng.internal.TestInvoker.invokeMethod(TestInvoker.java:660)
at org.testng.internal.TestInvoker.invokeTestMethod(TestInvoker.java:173)
at org.testng.internal.MethodRunner.runInSequence(MethodRunner.java:46)
at org.testng.internal.TestInvoker$MethodInvocationAgent.invoke(TestInvoker.java:824)
at org.testng.internal.TestInvoker.invokeTestMethods(TestInvoker.java:146)
at org.testng.internal.TestMethodWorker.invokeTestMethods(TestMethodWorker.java:146)
at org.testng.internal.TestMethodWorker.run(TestMethodWorker.java:128)
at java.util.concurrent.ThreadPoolExecutor.runWorker(ThreadPoolExecutor.java:1149)
at java.util.concurrent.ThreadPoolExecutor$Worker.run(ThreadPoolExecutor.java:624)
at java.lang.Thread.run(Thread.java:750)
]]>
            </full-stacktrace>
          </exception> <!-- org.openqa.selenium.NoSuchSessionException -->
          <reporter-output>
          </reporter-output>
        </test-method> <!-- tearDown -->
      </class> <!-- co.dlacademy.SeleniumGridExample -->
    </test> <!-- Firefox Test -->
  </suite> <!-- Selenium Grid Tests - Dip Learn Academy -->
</testng-results>
